;  LST file generated by mikroListExporter - v.2.0 
; Date/Time: 5/18/2026 2:30:42 PM
;----------------------------------------------

;Address Opcode 	ASM
0x0000	0x2BCD      	GOTO       973
_UART_ClearErrors:
;UART.c,400 :: 		u8 UART_ClearErrors(void)
;UART.c,402 :: 		u8 errorCode = UART_OK;
0x0003	0x1283      	BCF        STATUS, 5
0x0004	0x1303      	BCF        STATUS, 6
0x0005	0x01A8      	CLRF       UART_ClearErrors_errorCode_L0
;UART.c,406 :: 		if (GET_BIT(RCSTA, RCSTA_OERR))
0x0006	0x0818      	MOVF       RCSTA, 0
0x0007	0x00F1      	MOVWF      R1
0x0008	0x0CF1      	RRF        R1, 1
0x0009	0x13F1      	BCF        R1, 7
0x000A	0x1C71      	BTFSS      R1, 0
0x000B	0x2811      	GOTO       L_UART_ClearErrors23
;UART.c,408 :: 		errorCode = UART_ERROR_OVERRUN;
0x000C	0x3001      	MOVLW      1
0x000D	0x00A8      	MOVWF      UART_ClearErrors_errorCode_L0
;UART.c,411 :: 		CLR_BIT(RCSTA, RCSTA_CREN);     // Disable receiver
0x000E	0x30EF      	MOVLW      239
0x000F	0x0598      	ANDWF      RCSTA, 1
;UART.c,414 :: 		SET_BIT(RCSTA, RCSTA_CREN);     // Re-enable receiver
0x0010	0x1618      	BSF        RCSTA, 4
;UART.c,415 :: 		}
L_UART_ClearErrors23:
;UART.c,418 :: 		if (GET_BIT(RCSTA, RCSTA_FERR))
0x0011	0x0818      	MOVF       RCSTA, 0
0x0012	0x00F1      	MOVWF      R1
0x0013	0x0CF1      	RRF        R1, 1
0x0014	0x13F1      	BCF        R1, 7
0x0015	0x0CF1      	RRF        R1, 1
0x0016	0x13F1      	BCF        R1, 7
0x0017	0x1C71      	BTFSS      R1, 0
0x0018	0x281B      	GOTO       L_UART_ClearErrors24
;UART.c,420 :: 		errorCode = UART_ERROR_FRAMING;
0x0019	0x3002      	MOVLW      2
0x001A	0x00A8      	MOVWF      UART_ClearErrors_errorCode_L0
;UART.c,424 :: 		}
L_UART_ClearErrors24:
;UART.c,429 :: 		return errorCode;
0x001B	0x0828      	MOVF       UART_ClearErrors_errorCode_L0, 0
0x001C	0x00F0      	MOVWF      R0
;UART.c,430 :: 		}
L_end_UART_ClearErrors:
0x001D	0x0008      	RETURN
; end of _UART_ClearErrors
_GPIO_SetPinValue:
;GPIO.c,53 :: 		void GPIO_SetPinValue(u8 Port, u8 Pin, u8 Value)
;GPIO.c,55 :: 		switch(Port)
0x001E	0x28C7      	GOTO       L_GPIO_SetPinValue18
;GPIO.c,57 :: 		case GPIO_PORTA:
L_GPIO_SetPinValue20:
;GPIO.c,58 :: 		if(Value == GPIO_HIGH)
0x001F	0x1283      	BCF        STATUS, 5
0x0020	0x1303      	BCF        STATUS, 6
0x0021	0x082A      	MOVF       FARG_GPIO_SetPinValue_Value, 0
0x0022	0x3A01      	XORLW      1
0x0023	0x1D03      	BTFSS      STATUS, 2
0x0024	0x2833      	GOTO       L_GPIO_SetPinValue21
;GPIO.c,59 :: 		SET_BIT(PORTA, Pin);
0x0025	0x0829      	MOVF       FARG_GPIO_SetPinValue_Pin, 0
0x0026	0x00F1      	MOVWF      R1
0x0027	0x3001      	MOVLW      1
0x0028	0x00F0      	MOVWF      R0
0x0029	0x0871      	MOVF       R1, 0
L__GPIO_SetPinValue66:
0x002A	0x1903      	BTFSC      STATUS, 2
0x002B	0x2830      	GOTO       L__GPIO_SetPinValue67
0x002C	0x0DF0      	RLF        R0, 1
0x002D	0x1070      	BCF        R0, 0
0x002E	0x3EFF      	ADDLW      255
0x002F	0x282A      	GOTO       L__GPIO_SetPinValue66
L__GPIO_SetPinValue67:
0x0030	0x0870      	MOVF       R0, 0
0x0031	0x0485      	IORWF      PORTA, 1
0x0032	0x2841      	GOTO       L_GPIO_SetPinValue22
L_GPIO_SetPinValue21:
;GPIO.c,61 :: 		CLR_BIT(PORTA, Pin);
0x0033	0x0829      	MOVF       FARG_GPIO_SetPinValue_Pin, 0
0x0034	0x00F1      	MOVWF      R1
0x0035	0x3001      	MOVLW      1
0x0036	0x00F0      	MOVWF      R0
0x0037	0x0871      	MOVF       R1, 0
L__GPIO_SetPinValue68:
0x0038	0x1903      	BTFSC      STATUS, 2
0x0039	0x283E      	GOTO       L__GPIO_SetPinValue69
0x003A	0x0DF0      	RLF        R0, 1
0x003B	0x1070      	BCF        R0, 0
0x003C	0x3EFF      	ADDLW      255
0x003D	0x2838      	GOTO       L__GPIO_SetPinValue68
L__GPIO_SetPinValue69:
0x003E	0x09F0      	COMF       R0, 1
0x003F	0x0870      	MOVF       R0, 0
0x0040	0x0585      	ANDWF      PORTA, 1
L_GPIO_SetPinValue22:
;GPIO.c,62 :: 		break;
0x0041	0x28DE      	GOTO       L_GPIO_SetPinValue19
;GPIO.c,64 :: 		case GPIO_PORTB:
L_GPIO_SetPinValue23:
;GPIO.c,65 :: 		if(Value == GPIO_HIGH)
0x0042	0x082A      	MOVF       FARG_GPIO_SetPinValue_Value, 0
0x0043	0x3A01      	XORLW      1
0x0044	0x1D03      	BTFSS      STATUS, 2
0x0045	0x2854      	GOTO       L_GPIO_SetPinValue24
;GPIO.c,66 :: 		SET_BIT(PORTB, Pin);
0x0046	0x0829      	MOVF       FARG_GPIO_SetPinValue_Pin, 0
0x0047	0x00F1      	MOVWF      R1
0x0048	0x3001      	MOVLW      1
0x0049	0x00F0      	MOVWF      R0
0x004A	0x0871      	MOVF       R1, 0
L__GPIO_SetPinValue70:
0x004B	0x1903      	BTFSC      STATUS, 2
0x004C	0x2851      	GOTO       L__GPIO_SetPinValue71
0x004D	0x0DF0      	RLF        R0, 1
0x004E	0x1070      	BCF        R0, 0
0x004F	0x3EFF      	ADDLW      255
0x0050	0x284B      	GOTO       L__GPIO_SetPinValue70
L__GPIO_SetPinValue71:
0x0051	0x0870      	MOVF       R0, 0
0x0052	0x0486      	IORWF      PORTB, 1
0x0053	0x2862      	GOTO       L_GPIO_SetPinValue25
L_GPIO_SetPinValue24:
;GPIO.c,68 :: 		CLR_BIT(PORTB, Pin);
0x0054	0x0829      	MOVF       FARG_GPIO_SetPinValue_Pin, 0
0x0055	0x00F1      	MOVWF      R1
0x0056	0x3001      	MOVLW      1
0x0057	0x00F0      	MOVWF      R0
0x0058	0x0871      	MOVF       R1, 0
L__GPIO_SetPinValue72:
0x0059	0x1903      	BTFSC      STATUS, 2
0x005A	0x285F      	GOTO       L__GPIO_SetPinValue73
0x005B	0x0DF0      	RLF        R0, 1
0x005C	0x1070      	BCF        R0, 0
0x005D	0x3EFF      	ADDLW      255
0x005E	0x2859      	GOTO       L__GPIO_SetPinValue72
L__GPIO_SetPinValue73:
0x005F	0x09F0      	COMF       R0, 1
0x0060	0x0870      	MOVF       R0, 0
0x0061	0x0586      	ANDWF      PORTB, 1
L_GPIO_SetPinValue25:
;GPIO.c,69 :: 		break;
0x0062	0x28DE      	GOTO       L_GPIO_SetPinValue19
;GPIO.c,71 :: 		case GPIO_PORTC:
L_GPIO_SetPinValue26:
;GPIO.c,72 :: 		if(Value == GPIO_HIGH)
0x0063	0x082A      	MOVF       FARG_GPIO_SetPinValue_Value, 0
0x0064	0x3A01      	XORLW      1
0x0065	0x1D03      	BTFSS      STATUS, 2
0x0066	0x2875      	GOTO       L_GPIO_SetPinValue27
;GPIO.c,73 :: 		SET_BIT(PORTC, Pin);
0x0067	0x0829      	MOVF       FARG_GPIO_SetPinValue_Pin, 0
0x0068	0x00F1      	MOVWF      R1
0x0069	0x3001      	MOVLW      1
0x006A	0x00F0      	MOVWF      R0
0x006B	0x0871      	MOVF       R1, 0
L__GPIO_SetPinValue74:
0x006C	0x1903      	BTFSC      STATUS, 2
0x006D	0x2872      	GOTO       L__GPIO_SetPinValue75
0x006E	0x0DF0      	RLF        R0, 1
0x006F	0x1070      	BCF        R0, 0
0x0070	0x3EFF      	ADDLW      255
0x0071	0x286C      	GOTO       L__GPIO_SetPinValue74
L__GPIO_SetPinValue75:
0x0072	0x0870      	MOVF       R0, 0
0x0073	0x0487      	IORWF      PORTC, 1
0x0074	0x2883      	GOTO       L_GPIO_SetPinValue28
L_GPIO_SetPinValue27:
;GPIO.c,75 :: 		CLR_BIT(PORTC, Pin);
0x0075	0x0829      	MOVF       FARG_GPIO_SetPinValue_Pin, 0
0x0076	0x00F1      	MOVWF      R1
0x0077	0x3001      	MOVLW      1
0x0078	0x00F0      	MOVWF      R0
0x0079	0x0871      	MOVF       R1, 0
L__GPIO_SetPinValue76:
0x007A	0x1903      	BTFSC      STATUS, 2
0x007B	0x2880      	GOTO       L__GPIO_SetPinValue77
0x007C	0x0DF0      	RLF        R0, 1
0x007D	0x1070      	BCF        R0, 0
0x007E	0x3EFF      	ADDLW      255
0x007F	0x287A      	GOTO       L__GPIO_SetPinValue76
L__GPIO_SetPinValue77:
0x0080	0x09F0      	COMF       R0, 1
0x0081	0x0870      	MOVF       R0, 0
0x0082	0x0587      	ANDWF      PORTC, 1
L_GPIO_SetPinValue28:
;GPIO.c,76 :: 		break;
0x0083	0x28DE      	GOTO       L_GPIO_SetPinValue19
;GPIO.c,78 :: 		case GPIO_PORTD:
L_GPIO_SetPinValue29:
;GPIO.c,79 :: 		if(Value == GPIO_HIGH)
0x0084	0x082A      	MOVF       FARG_GPIO_SetPinValue_Value, 0
0x0085	0x3A01      	XORLW      1
0x0086	0x1D03      	BTFSS      STATUS, 2
0x0087	0x2896      	GOTO       L_GPIO_SetPinValue30
;GPIO.c,80 :: 		SET_BIT(PORTD, Pin);
0x0088	0x0829      	MOVF       FARG_GPIO_SetPinValue_Pin, 0
0x0089	0x00F1      	MOVWF      R1
0x008A	0x3001      	MOVLW      1
0x008B	0x00F0      	MOVWF      R0
0x008C	0x0871      	MOVF       R1, 0
L__GPIO_SetPinValue78:
0x008D	0x1903      	BTFSC      STATUS, 2
0x008E	0x2893      	GOTO       L__GPIO_SetPinValue79
0x008F	0x0DF0      	RLF        R0, 1
0x0090	0x1070      	BCF        R0, 0
0x0091	0x3EFF      	ADDLW      255
0x0092	0x288D      	GOTO       L__GPIO_SetPinValue78
L__GPIO_SetPinValue79:
0x0093	0x0870      	MOVF       R0, 0
0x0094	0x0488      	IORWF      PORTD, 1
0x0095	0x28A4      	GOTO       L_GPIO_SetPinValue31
L_GPIO_SetPinValue30:
;GPIO.c,82 :: 		CLR_BIT(PORTD, Pin);
0x0096	0x0829      	MOVF       FARG_GPIO_SetPinValue_Pin, 0
0x0097	0x00F1      	MOVWF      R1
0x0098	0x3001      	MOVLW      1
0x0099	0x00F0      	MOVWF      R0
0x009A	0x0871      	MOVF       R1, 0
L__GPIO_SetPinValue80:
0x009B	0x1903      	BTFSC      STATUS, 2
0x009C	0x28A1      	GOTO       L__GPIO_SetPinValue81
0x009D	0x0DF0      	RLF        R0, 1
0x009E	0x1070      	BCF        R0, 0
0x009F	0x3EFF      	ADDLW      255
0x00A0	0x289B      	GOTO       L__GPIO_SetPinValue80
L__GPIO_SetPinValue81:
0x00A1	0x09F0      	COMF       R0, 1
0x00A2	0x0870      	MOVF       R0, 0
0x00A3	0x0588      	ANDWF      PORTD, 1
L_GPIO_SetPinValue31:
;GPIO.c,83 :: 		break;
0x00A4	0x28DE      	GOTO       L_GPIO_SetPinValue19
;GPIO.c,85 :: 		case GPIO_PORTE:
L_GPIO_SetPinValue32:
;GPIO.c,86 :: 		if(Value == GPIO_HIGH)
0x00A5	0x082A      	MOVF       FARG_GPIO_SetPinValue_Value, 0
0x00A6	0x3A01      	XORLW      1
0x00A7	0x1D03      	BTFSS      STATUS, 2
0x00A8	0x28B7      	GOTO       L_GPIO_SetPinValue33
;GPIO.c,87 :: 		SET_BIT(PORTE, Pin);
0x00A9	0x0829      	MOVF       FARG_GPIO_SetPinValue_Pin, 0
0x00AA	0x00F1      	MOVWF      R1
0x00AB	0x3001      	MOVLW      1
0x00AC	0x00F0      	MOVWF      R0
0x00AD	0x0871      	MOVF       R1, 0
L__GPIO_SetPinValue82:
0x00AE	0x1903      	BTFSC      STATUS, 2
0x00AF	0x28B4      	GOTO       L__GPIO_SetPinValue83
0x00B0	0x0DF0      	RLF        R0, 1
0x00B1	0x1070      	BCF        R0, 0
0x00B2	0x3EFF      	ADDLW      255
0x00B3	0x28AE      	GOTO       L__GPIO_SetPinValue82
L__GPIO_SetPinValue83:
0x00B4	0x0870      	MOVF       R0, 0
0x00B5	0x0489      	IORWF      PORTE, 1
0x00B6	0x28C5      	GOTO       L_GPIO_SetPinValue34
L_GPIO_SetPinValue33:
;GPIO.c,89 :: 		CLR_BIT(PORTE, Pin);
0x00B7	0x0829      	MOVF       FARG_GPIO_SetPinValue_Pin, 0
0x00B8	0x00F1      	MOVWF      R1
0x00B9	0x3001      	MOVLW      1
0x00BA	0x00F0      	MOVWF      R0
0x00BB	0x0871      	MOVF       R1, 0
L__GPIO_SetPinValue84:
0x00BC	0x1903      	BTFSC      STATUS, 2
0x00BD	0x28C2      	GOTO       L__GPIO_SetPinValue85
0x00BE	0x0DF0      	RLF        R0, 1
0x00BF	0x1070      	BCF        R0, 0
0x00C0	0x3EFF      	ADDLW      255
0x00C1	0x28BC      	GOTO       L__GPIO_SetPinValue84
L__GPIO_SetPinValue85:
0x00C2	0x09F0      	COMF       R0, 1
0x00C3	0x0870      	MOVF       R0, 0
0x00C4	0x0589      	ANDWF      PORTE, 1
L_GPIO_SetPinValue34:
;GPIO.c,90 :: 		break;
0x00C5	0x28DE      	GOTO       L_GPIO_SetPinValue19
;GPIO.c,92 :: 		default:
L_GPIO_SetPinValue35:
;GPIO.c,93 :: 		break;
0x00C6	0x28DE      	GOTO       L_GPIO_SetPinValue19
;GPIO.c,94 :: 		}
L_GPIO_SetPinValue18:
0x00C7	0x1283      	BCF        STATUS, 5
0x00C8	0x1303      	BCF        STATUS, 6
0x00C9	0x0828      	MOVF       FARG_GPIO_SetPinValue_Port, 0
0x00CA	0x3A00      	XORLW      0
0x00CB	0x1903      	BTFSC      STATUS, 2
0x00CC	0x281F      	GOTO       L_GPIO_SetPinValue20
0x00CD	0x0828      	MOVF       FARG_GPIO_SetPinValue_Port, 0
0x00CE	0x3A01      	XORLW      1
0x00CF	0x1903      	BTFSC      STATUS, 2
0x00D0	0x2842      	GOTO       L_GPIO_SetPinValue23
0x00D1	0x0828      	MOVF       FARG_GPIO_SetPinValue_Port, 0
0x00D2	0x3A02      	XORLW      2
0x00D3	0x1903      	BTFSC      STATUS, 2
0x00D4	0x2863      	GOTO       L_GPIO_SetPinValue26
0x00D5	0x0828      	MOVF       FARG_GPIO_SetPinValue_Port, 0
0x00D6	0x3A03      	XORLW      3
0x00D7	0x1903      	BTFSC      STATUS, 2
0x00D8	0x2884      	GOTO       L_GPIO_SetPinValue29
0x00D9	0x0828      	MOVF       FARG_GPIO_SetPinValue_Port, 0
0x00DA	0x3A04      	XORLW      4
0x00DB	0x1903      	BTFSC      STATUS, 2
0x00DC	0x28A5      	GOTO       L_GPIO_SetPinValue32
0x00DD	0x28C6      	GOTO       L_GPIO_SetPinValue35
L_GPIO_SetPinValue19:
;GPIO.c,95 :: 		}
L_end_GPIO_SetPinValue:
0x00DE	0x0008      	RETURN
; end of _GPIO_SetPinValue
_ADC_IsConversionDone:
;ADC.c,173 :: 		u8 ADC_IsConversionDone(void) {
;ADC.c,176 :: 		return !GET_BIT(ADCON0_REG, GO_DONE);
0x00DF	0x1283      	BCF        STATUS, 5
0x00E0	0x1303      	BCF        STATUS, 6
0x00E1	0x081F      	MOVF       ADCON0, 0
0x00E2	0x00F0      	MOVWF      R0
0x00E3	0x0CF0      	RRF        R0, 1
0x00E4	0x13F0      	BCF        R0, 7
0x00E5	0x0CF0      	RRF        R0, 1
0x00E6	0x13F0      	BCF        R0, 7
0x00E7	0x3001      	MOVLW      1
0x00E8	0x0570      	ANDWF      R0, 0
0x00E9	0x00F1      	MOVWF      R1
0x00EA	0x0871      	MOVF       R1, 0
0x00EB	0x3001      	MOVLW      1
0x00EC	0x1D03      	BTFSS      STATUS, 2
0x00ED	0x3000      	MOVLW      0
0x00EE	0x00F0      	MOVWF      R0
;ADC.c,177 :: 		}
L_end_ADC_IsConversionDone:
0x00EF	0x0008      	RETURN
; end of _ADC_IsConversionDone
_ADC_ReadResult:
;ADC.c,203 :: 		u16 ADC_ReadResult(void) {
;ADC.c,204 :: 		u16 result = 0;
;ADC.c,209 :: 		result = ((u16)ADRESH_REG << 8) | ADRESL_REG;
0x00F0	0x1683      	BSF        STATUS, 5
0x00F1	0x1303      	BCF        STATUS, 6
0x00F2	0x081E      	MOVF       ADRESL, 0
0x00F3	0x00F0      	MOVWF      R0
;ADC.c,216 :: 		result &= 0x03FF;
0x00F4	0x30FF      	MOVLW      255
0x00F5	0x05F0      	ANDWF      R0, 1
;ADC.c,218 :: 		return result;
;ADC.c,219 :: 		}
L_end_ADC_ReadResult:
0x00F6	0x0008      	RETURN
; end of _ADC_ReadResult
_ADC_SelectChannel:
;ADC.c,131 :: 		void ADC_SelectChannel(u8 channel) {
;ADC.c,133 :: 		channel &= 0x07;
0x00F7	0x3007      	MOVLW      7
0x00F8	0x1283      	BCF        STATUS, 5
0x00F9	0x1303      	BCF        STATUS, 6
0x00FA	0x0528      	ANDWF      FARG_ADC_SelectChannel_channel, 0
0x00FB	0x00F2      	MOVWF      R2
0x00FC	0x0872      	MOVF       R2, 0
0x00FD	0x00A8      	MOVWF      FARG_ADC_SelectChannel_channel
;ADC.c,136 :: 		ADCON0_REG &= ~CHS_MASK;
0x00FE	0x30C7      	MOVLW      199
0x00FF	0x059F      	ANDWF      ADCON0, 1
;ADC.c,139 :: 		ADCON0_REG |= (channel << CHS0);
0x0100	0x0872      	MOVF       R2, 0
0x0101	0x00F0      	MOVWF      R0
0x0102	0x0DF0      	RLF        R0, 1
0x0103	0x1070      	BCF        R0, 0
0x0104	0x0DF0      	RLF        R0, 1
0x0105	0x1070      	BCF        R0, 0
0x0106	0x0DF0      	RLF        R0, 1
0x0107	0x1070      	BCF        R0, 0
0x0108	0x0870      	MOVF       R0, 0
0x0109	0x049F      	IORWF      ADCON0, 1
;ADC.c,140 :: 		}
L_end_ADC_SelectChannel:
0x010A	0x0008      	RETURN
; end of _ADC_SelectChannel
_GPIO_GetPinValue:
;GPIO.c,98 :: 		u8 GPIO_GetPinValue(u8 Port, u8 Pin)
;GPIO.c,100 :: 		u8 Local_Value = 0;
0x010B	0x1283      	BCF        STATUS, 5
0x010C	0x1303      	BCF        STATUS, 6
0x010D	0x01AA      	CLRF       GPIO_GetPinValue_Local_Value_L0
;GPIO.c,102 :: 		switch(Port)
0x010E	0x2956      	GOTO       L_GPIO_GetPinValue36
;GPIO.c,104 :: 		case GPIO_PORTA:
L_GPIO_GetPinValue38:
;GPIO.c,105 :: 		Local_Value = GET_BIT(PORTA, Pin);
0x010F	0x0829      	MOVF       FARG_GPIO_GetPinValue_Pin, 0
0x0110	0x00F0      	MOVWF      R0
0x0111	0x0805      	MOVF       PORTA, 0
0x0112	0x00AA      	MOVWF      GPIO_GetPinValue_Local_Value_L0
0x0113	0x0870      	MOVF       R0, 0
L__GPIO_GetPinValue87:
0x0114	0x1903      	BTFSC      STATUS, 2
0x0115	0x291A      	GOTO       L__GPIO_GetPinValue88
0x0116	0x0CAA      	RRF        GPIO_GetPinValue_Local_Value_L0, 1
0x0117	0x13AA      	BCF        GPIO_GetPinValue_Local_Value_L0, 7
0x0118	0x3EFF      	ADDLW      255
0x0119	0x2914      	GOTO       L__GPIO_GetPinValue87
L__GPIO_GetPinValue88:
0x011A	0x3001      	MOVLW      1
0x011B	0x05AA      	ANDWF      GPIO_GetPinValue_Local_Value_L0, 1
;GPIO.c,106 :: 		break;
0x011C	0x296B      	GOTO       L_GPIO_GetPinValue37
;GPIO.c,108 :: 		case GPIO_PORTB:
L_GPIO_GetPinValue39:
;GPIO.c,109 :: 		Local_Value = GET_BIT(PORTB, Pin);
0x011D	0x0829      	MOVF       FARG_GPIO_GetPinValue_Pin, 0
0x011E	0x00F0      	MOVWF      R0
0x011F	0x0806      	MOVF       PORTB, 0
0x0120	0x00AA      	MOVWF      GPIO_GetPinValue_Local_Value_L0
0x0121	0x0870      	MOVF       R0, 0
L__GPIO_GetPinValue89:
0x0122	0x1903      	BTFSC      STATUS, 2
0x0123	0x2928      	GOTO       L__GPIO_GetPinValue90
0x0124	0x0CAA      	RRF        GPIO_GetPinValue_Local_Value_L0, 1
0x0125	0x13AA      	BCF        GPIO_GetPinValue_Local_Value_L0, 7
0x0126	0x3EFF      	ADDLW      255
0x0127	0x2922      	GOTO       L__GPIO_GetPinValue89
L__GPIO_GetPinValue90:
0x0128	0x3001      	MOVLW      1
0x0129	0x05AA      	ANDWF      GPIO_GetPinValue_Local_Value_L0, 1
;GPIO.c,110 :: 		break;
0x012A	0x296B      	GOTO       L_GPIO_GetPinValue37
;GPIO.c,112 :: 		case GPIO_PORTC:
L_GPIO_GetPinValue40:
;GPIO.c,113 :: 		Local_Value = GET_BIT(PORTC, Pin);
0x012B	0x0829      	MOVF       FARG_GPIO_GetPinValue_Pin, 0
0x012C	0x00F0      	MOVWF      R0
0x012D	0x0807      	MOVF       PORTC, 0
0x012E	0x00AA      	MOVWF      GPIO_GetPinValue_Local_Value_L0
0x012F	0x0870      	MOVF       R0, 0
L__GPIO_GetPinValue91:
0x0130	0x1903      	BTFSC      STATUS, 2
0x0131	0x2936      	GOTO       L__GPIO_GetPinValue92
0x0132	0x0CAA      	RRF        GPIO_GetPinValue_Local_Value_L0, 1
0x0133	0x13AA      	BCF        GPIO_GetPinValue_Local_Value_L0, 7
0x0134	0x3EFF      	ADDLW      255
0x0135	0x2930      	GOTO       L__GPIO_GetPinValue91
L__GPIO_GetPinValue92:
0x0136	0x3001      	MOVLW      1
0x0137	0x05AA      	ANDWF      GPIO_GetPinValue_Local_Value_L0, 1
;GPIO.c,114 :: 		break;
0x0138	0x296B      	GOTO       L_GPIO_GetPinValue37
;GPIO.c,116 :: 		case GPIO_PORTD:
L_GPIO_GetPinValue41:
;GPIO.c,117 :: 		Local_Value = GET_BIT(PORTD, Pin);
0x0139	0x0829      	MOVF       FARG_GPIO_GetPinValue_Pin, 0
0x013A	0x00F0      	MOVWF      R0
0x013B	0x0808      	MOVF       PORTD, 0
0x013C	0x00AA      	MOVWF      GPIO_GetPinValue_Local_Value_L0
0x013D	0x0870      	MOVF       R0, 0
L__GPIO_GetPinValue93:
0x013E	0x1903      	BTFSC      STATUS, 2
0x013F	0x2944      	GOTO       L__GPIO_GetPinValue94
0x0140	0x0CAA      	RRF        GPIO_GetPinValue_Local_Value_L0, 1
0x0141	0x13AA      	BCF        GPIO_GetPinValue_Local_Value_L0, 7
0x0142	0x3EFF      	ADDLW      255
0x0143	0x293E      	GOTO       L__GPIO_GetPinValue93
L__GPIO_GetPinValue94:
0x0144	0x3001      	MOVLW      1
0x0145	0x05AA      	ANDWF      GPIO_GetPinValue_Local_Value_L0, 1
;GPIO.c,118 :: 		break;
0x0146	0x296B      	GOTO       L_GPIO_GetPinValue37
;GPIO.c,120 :: 		case GPIO_PORTE:
L_GPIO_GetPinValue42:
;GPIO.c,121 :: 		Local_Value = GET_BIT(PORTE, Pin);
0x0147	0x0829      	MOVF       FARG_GPIO_GetPinValue_Pin, 0
0x0148	0x00F0      	MOVWF      R0
0x0149	0x0809      	MOVF       PORTE, 0
0x014A	0x00AA      	MOVWF      GPIO_GetPinValue_Local_Value_L0
0x014B	0x0870      	MOVF       R0, 0
L__GPIO_GetPinValue95:
0x014C	0x1903      	BTFSC      STATUS, 2
0x014D	0x2952      	GOTO       L__GPIO_GetPinValue96
0x014E	0x0CAA      	RRF        GPIO_GetPinValue_Local_Value_L0, 1
0x014F	0x13AA      	BCF        GPIO_GetPinValue_Local_Value_L0, 7
0x0150	0x3EFF      	ADDLW      255
0x0151	0x294C      	GOTO       L__GPIO_GetPinValue95
L__GPIO_GetPinValue96:
0x0152	0x3001      	MOVLW      1
0x0153	0x05AA      	ANDWF      GPIO_GetPinValue_Local_Value_L0, 1
;GPIO.c,122 :: 		break;
0x0154	0x296B      	GOTO       L_GPIO_GetPinValue37
;GPIO.c,124 :: 		default:
L_GPIO_GetPinValue43:
;GPIO.c,125 :: 		break;
0x0155	0x296B      	GOTO       L_GPIO_GetPinValue37
;GPIO.c,126 :: 		}
L_GPIO_GetPinValue36:
0x0156	0x0828      	MOVF       FARG_GPIO_GetPinValue_Port, 0
0x0157	0x3A00      	XORLW      0
0x0158	0x1903      	BTFSC      STATUS, 2
0x0159	0x290F      	GOTO       L_GPIO_GetPinValue38
0x015A	0x0828      	MOVF       FARG_GPIO_GetPinValue_Port, 0
0x015B	0x3A01      	XORLW      1
0x015C	0x1903      	BTFSC      STATUS, 2
0x015D	0x291D      	GOTO       L_GPIO_GetPinValue39
0x015E	0x0828      	MOVF       FARG_GPIO_GetPinValue_Port, 0
0x015F	0x3A02      	XORLW      2
0x0160	0x1903      	BTFSC      STATUS, 2
0x0161	0x292B      	GOTO       L_GPIO_GetPinValue40
0x0162	0x0828      	MOVF       FARG_GPIO_GetPinValue_Port, 0
0x0163	0x3A03      	XORLW      3
0x0164	0x1903      	BTFSC      STATUS, 2
0x0165	0x2939      	GOTO       L_GPIO_GetPinValue41
0x0166	0x0828      	MOVF       FARG_GPIO_GetPinValue_Port, 0
0x0167	0x3A04      	XORLW      4
0x0168	0x1903      	BTFSC      STATUS, 2
0x0169	0x2947      	GOTO       L_GPIO_GetPinValue42
0x016A	0x2955      	GOTO       L_GPIO_GetPinValue43
L_GPIO_GetPinValue37:
;GPIO.c,128 :: 		return Local_Value;
0x016B	0x082A      	MOVF       GPIO_GetPinValue_Local_Value_L0, 0
0x016C	0x00F0      	MOVWF      R0
;GPIO.c,129 :: 		}
L_end_GPIO_GetPinValue:
0x016D	0x0008      	RETURN
; end of _GPIO_GetPinValue
_GPIO_SetPinDirection:
;GPIO.c,8 :: 		void GPIO_SetPinDirection(u8 Port, u8 Pin, u8 Direction)
;GPIO.c,10 :: 		switch(Port)
0x016E	0x2A2A      	GOTO       L_GPIO_SetPinDirection0
;GPIO.c,12 :: 		case GPIO_PORTA:
L_GPIO_SetPinDirection2:
;GPIO.c,13 :: 		if(Direction == GPIO_OUTPUT)
0x016F	0x1283      	BCF        STATUS, 5
0x0170	0x1303      	BCF        STATUS, 6
0x0171	0x082A      	MOVF       FARG_GPIO_SetPinDirection_Direction, 0
0x0172	0x3A00      	XORLW      0
0x0173	0x1D03      	BTFSS      STATUS, 2
0x0174	0x2985      	GOTO       L_GPIO_SetPinDirection3
;GPIO.c,14 :: 		CLR_BIT(TRISA, Pin);
0x0175	0x0829      	MOVF       FARG_GPIO_SetPinDirection_Pin, 0
0x0176	0x00F1      	MOVWF      R1
0x0177	0x3001      	MOVLW      1
0x0178	0x00F0      	MOVWF      R0
0x0179	0x0871      	MOVF       R1, 0
L__GPIO_SetPinDirection45:
0x017A	0x1903      	BTFSC      STATUS, 2
0x017B	0x2980      	GOTO       L__GPIO_SetPinDirection46
0x017C	0x0DF0      	RLF        R0, 1
0x017D	0x1070      	BCF        R0, 0
0x017E	0x3EFF      	ADDLW      255
0x017F	0x297A      	GOTO       L__GPIO_SetPinDirection45
L__GPIO_SetPinDirection46:
0x0180	0x09F0      	COMF       R0, 1
0x0181	0x0870      	MOVF       R0, 0
0x0182	0x1683      	BSF        STATUS, 5
0x0183	0x0585      	ANDWF      TRISA, 1
0x0184	0x2994      	GOTO       L_GPIO_SetPinDirection4
L_GPIO_SetPinDirection3:
;GPIO.c,16 :: 		SET_BIT(TRISA, Pin);
0x0185	0x1283      	BCF        STATUS, 5
0x0186	0x0829      	MOVF       FARG_GPIO_SetPinDirection_Pin, 0
0x0187	0x00F1      	MOVWF      R1
0x0188	0x3001      	MOVLW      1
0x0189	0x00F0      	MOVWF      R0
0x018A	0x0871      	MOVF       R1, 0
L__GPIO_SetPinDirection47:
0x018B	0x1903      	BTFSC      STATUS, 2
0x018C	0x2991      	GOTO       L__GPIO_SetPinDirection48
0x018D	0x0DF0      	RLF        R0, 1
0x018E	0x1070      	BCF        R0, 0
0x018F	0x3EFF      	ADDLW      255
0x0190	0x298B      	GOTO       L__GPIO_SetPinDirection47
L__GPIO_SetPinDirection48:
0x0191	0x0870      	MOVF       R0, 0
0x0192	0x1683      	BSF        STATUS, 5
0x0193	0x0485      	IORWF      TRISA, 1
L_GPIO_SetPinDirection4:
;GPIO.c,17 :: 		break;
0x0194	0x2A41      	GOTO       L_GPIO_SetPinDirection1
;GPIO.c,19 :: 		case GPIO_PORTB:
L_GPIO_SetPinDirection5:
;GPIO.c,20 :: 		if(Direction == GPIO_OUTPUT)
0x0195	0x1283      	BCF        STATUS, 5
0x0196	0x082A      	MOVF       FARG_GPIO_SetPinDirection_Direction, 0
0x0197	0x3A00      	XORLW      0
0x0198	0x1D03      	BTFSS      STATUS, 2
0x0199	0x29AA      	GOTO       L_GPIO_SetPinDirection6
;GPIO.c,21 :: 		CLR_BIT(TRISB, Pin);
0x019A	0x0829      	MOVF       FARG_GPIO_SetPinDirection_Pin, 0
0x019B	0x00F1      	MOVWF      R1
0x019C	0x3001      	MOVLW      1
0x019D	0x00F0      	MOVWF      R0
0x019E	0x0871      	MOVF       R1, 0
L__GPIO_SetPinDirection49:
0x019F	0x1903      	BTFSC      STATUS, 2
0x01A0	0x29A5      	GOTO       L__GPIO_SetPinDirection50
0x01A1	0x0DF0      	RLF        R0, 1
0x01A2	0x1070      	BCF        R0, 0
0x01A3	0x3EFF      	ADDLW      255
0x01A4	0x299F      	GOTO       L__GPIO_SetPinDirection49
L__GPIO_SetPinDirection50:
0x01A5	0x09F0      	COMF       R0, 1
0x01A6	0x0870      	MOVF       R0, 0
0x01A7	0x1683      	BSF        STATUS, 5
0x01A8	0x0586      	ANDWF      TRISB, 1
0x01A9	0x29B9      	GOTO       L_GPIO_SetPinDirection7
L_GPIO_SetPinDirection6:
;GPIO.c,23 :: 		SET_BIT(TRISB, Pin);
0x01AA	0x1283      	BCF        STATUS, 5
0x01AB	0x0829      	MOVF       FARG_GPIO_SetPinDirection_Pin, 0
0x01AC	0x00F1      	MOVWF      R1
0x01AD	0x3001      	MOVLW      1
0x01AE	0x00F0      	MOVWF      R0
0x01AF	0x0871      	MOVF       R1, 0
L__GPIO_SetPinDirection51:
0x01B0	0x1903      	BTFSC      STATUS, 2
0x01B1	0x29B6      	GOTO       L__GPIO_SetPinDirection52
0x01B2	0x0DF0      	RLF        R0, 1
0x01B3	0x1070      	BCF        R0, 0
0x01B4	0x3EFF      	ADDLW      255
0x01B5	0x29B0      	GOTO       L__GPIO_SetPinDirection51
L__GPIO_SetPinDirection52:
0x01B6	0x0870      	MOVF       R0, 0
0x01B7	0x1683      	BSF        STATUS, 5
0x01B8	0x0486      	IORWF      TRISB, 1
L_GPIO_SetPinDirection7:
;GPIO.c,24 :: 		break;
0x01B9	0x2A41      	GOTO       L_GPIO_SetPinDirection1
;GPIO.c,26 :: 		case GPIO_PORTC:
L_GPIO_SetPinDirection8:
;GPIO.c,27 :: 		if(Direction == GPIO_OUTPUT)
0x01BA	0x1283      	BCF        STATUS, 5
0x01BB	0x082A      	MOVF       FARG_GPIO_SetPinDirection_Direction, 0
0x01BC	0x3A00      	XORLW      0
0x01BD	0x1D03      	BTFSS      STATUS, 2
0x01BE	0x29CF      	GOTO       L_GPIO_SetPinDirection9
;GPIO.c,28 :: 		CLR_BIT(TRISC, Pin);
0x01BF	0x0829      	MOVF       FARG_GPIO_SetPinDirection_Pin, 0
0x01C0	0x00F1      	MOVWF      R1
0x01C1	0x3001      	MOVLW      1
0x01C2	0x00F0      	MOVWF      R0
0x01C3	0x0871      	MOVF       R1, 0
L__GPIO_SetPinDirection53:
0x01C4	0x1903      	BTFSC      STATUS, 2
0x01C5	0x29CA      	GOTO       L__GPIO_SetPinDirection54
0x01C6	0x0DF0      	RLF        R0, 1
0x01C7	0x1070      	BCF        R0, 0
0x01C8	0x3EFF      	ADDLW      255
0x01C9	0x29C4      	GOTO       L__GPIO_SetPinDirection53
L__GPIO_SetPinDirection54:
0x01CA	0x09F0      	COMF       R0, 1
0x01CB	0x0870      	MOVF       R0, 0
0x01CC	0x1683      	BSF        STATUS, 5
0x01CD	0x0587      	ANDWF      TRISC, 1
0x01CE	0x29DE      	GOTO       L_GPIO_SetPinDirection10
L_GPIO_SetPinDirection9:
;GPIO.c,30 :: 		SET_BIT(TRISC, Pin);
0x01CF	0x1283      	BCF        STATUS, 5
0x01D0	0x0829      	MOVF       FARG_GPIO_SetPinDirection_Pin, 0
0x01D1	0x00F1      	MOVWF      R1
0x01D2	0x3001      	MOVLW      1
0x01D3	0x00F0      	MOVWF      R0
0x01D4	0x0871      	MOVF       R1, 0
L__GPIO_SetPinDirection55:
0x01D5	0x1903      	BTFSC      STATUS, 2
0x01D6	0x29DB      	GOTO       L__GPIO_SetPinDirection56
0x01D7	0x0DF0      	RLF        R0, 1
0x01D8	0x1070      	BCF        R0, 0
0x01D9	0x3EFF      	ADDLW      255
0x01DA	0x29D5      	GOTO       L__GPIO_SetPinDirection55
L__GPIO_SetPinDirection56:
0x01DB	0x0870      	MOVF       R0, 0
0x01DC	0x1683      	BSF        STATUS, 5
0x01DD	0x0487      	IORWF      TRISC, 1
L_GPIO_SetPinDirection10:
;GPIO.c,31 :: 		break;
0x01DE	0x2A41      	GOTO       L_GPIO_SetPinDirection1
;GPIO.c,33 :: 		case GPIO_PORTD:
L_GPIO_SetPinDirection11:
;GPIO.c,34 :: 		if(Direction == GPIO_OUTPUT)
0x01DF	0x1283      	BCF        STATUS, 5
0x01E0	0x082A      	MOVF       FARG_GPIO_SetPinDirection_Direction, 0
0x01E1	0x3A00      	XORLW      0
0x01E2	0x1D03      	BTFSS      STATUS, 2
0x01E3	0x29F4      	GOTO       L_GPIO_SetPinDirection12
;GPIO.c,35 :: 		CLR_BIT(TRISD, Pin);
0x01E4	0x0829      	MOVF       FARG_GPIO_SetPinDirection_Pin, 0
0x01E5	0x00F1      	MOVWF      R1
0x01E6	0x3001      	MOVLW      1
0x01E7	0x00F0      	MOVWF      R0
0x01E8	0x0871      	MOVF       R1, 0
L__GPIO_SetPinDirection57:
0x01E9	0x1903      	BTFSC      STATUS, 2
0x01EA	0x29EF      	GOTO       L__GPIO_SetPinDirection58
0x01EB	0x0DF0      	RLF        R0, 1
0x01EC	0x1070      	BCF        R0, 0
0x01ED	0x3EFF      	ADDLW      255
0x01EE	0x29E9      	GOTO       L__GPIO_SetPinDirection57
L__GPIO_SetPinDirection58:
0x01EF	0x09F0      	COMF       R0, 1
0x01F0	0x0870      	MOVF       R0, 0
0x01F1	0x1683      	BSF        STATUS, 5
0x01F2	0x0588      	ANDWF      TRISD, 1
0x01F3	0x2A03      	GOTO       L_GPIO_SetPinDirection13
L_GPIO_SetPinDirection12:
;GPIO.c,37 :: 		SET_BIT(TRISD, Pin);
0x01F4	0x1283      	BCF        STATUS, 5
0x01F5	0x0829      	MOVF       FARG_GPIO_SetPinDirection_Pin, 0
0x01F6	0x00F1      	MOVWF      R1
0x01F7	0x3001      	MOVLW      1
0x01F8	0x00F0      	MOVWF      R0
0x01F9	0x0871      	MOVF       R1, 0
L__GPIO_SetPinDirection59:
0x01FA	0x1903      	BTFSC      STATUS, 2
0x01FB	0x2A00      	GOTO       L__GPIO_SetPinDirection60
0x01FC	0x0DF0      	RLF        R0, 1
0x01FD	0x1070      	BCF        R0, 0
0x01FE	0x3EFF      	ADDLW      255
0x01FF	0x29FA      	GOTO       L__GPIO_SetPinDirection59
L__GPIO_SetPinDirection60:
0x0200	0x0870      	MOVF       R0, 0
0x0201	0x1683      	BSF        STATUS, 5
0x0202	0x0488      	IORWF      TRISD, 1
L_GPIO_SetPinDirection13:
;GPIO.c,38 :: 		break;
0x0203	0x2A41      	GOTO       L_GPIO_SetPinDirection1
;GPIO.c,40 :: 		case GPIO_PORTE:
L_GPIO_SetPinDirection14:
;GPIO.c,41 :: 		if(Direction == GPIO_OUTPUT)
0x0204	0x1283      	BCF        STATUS, 5
0x0205	0x082A      	MOVF       FARG_GPIO_SetPinDirection_Direction, 0
0x0206	0x3A00      	XORLW      0
0x0207	0x1D03      	BTFSS      STATUS, 2
0x0208	0x2A19      	GOTO       L_GPIO_SetPinDirection15
;GPIO.c,42 :: 		CLR_BIT(TRISE, Pin);
0x0209	0x0829      	MOVF       FARG_GPIO_SetPinDirection_Pin, 0
0x020A	0x00F1      	MOVWF      R1
0x020B	0x3001      	MOVLW      1
0x020C	0x00F0      	MOVWF      R0
0x020D	0x0871      	MOVF       R1, 0
L__GPIO_SetPinDirection61:
0x020E	0x1903      	BTFSC      STATUS, 2
0x020F	0x2A14      	GOTO       L__GPIO_SetPinDirection62
0x0210	0x0DF0      	RLF        R0, 1
0x0211	0x1070      	BCF        R0, 0
0x0212	0x3EFF      	ADDLW      255
0x0213	0x2A0E      	GOTO       L__GPIO_SetPinDirection61
L__GPIO_SetPinDirection62:
0x0214	0x09F0      	COMF       R0, 1
0x0215	0x0870      	MOVF       R0, 0
0x0216	0x1683      	BSF        STATUS, 5
0x0217	0x0589      	ANDWF      TRISE, 1
0x0218	0x2A28      	GOTO       L_GPIO_SetPinDirection16
L_GPIO_SetPinDirection15:
;GPIO.c,44 :: 		SET_BIT(TRISE, Pin);
0x0219	0x1283      	BCF        STATUS, 5
0x021A	0x0829      	MOVF       FARG_GPIO_SetPinDirection_Pin, 0
0x021B	0x00F1      	MOVWF      R1
0x021C	0x3001      	MOVLW      1
0x021D	0x00F0      	MOVWF      R0
0x021E	0x0871      	MOVF       R1, 0
L__GPIO_SetPinDirection63:
0x021F	0x1903      	BTFSC      STATUS, 2
0x0220	0x2A25      	GOTO       L__GPIO_SetPinDirection64
0x0221	0x0DF0      	RLF        R0, 1
0x0222	0x1070      	BCF        R0, 0
0x0223	0x3EFF      	ADDLW      255
0x0224	0x2A1F      	GOTO       L__GPIO_SetPinDirection63
L__GPIO_SetPinDirection64:
0x0225	0x0870      	MOVF       R0, 0
0x0226	0x1683      	BSF        STATUS, 5
0x0227	0x0489      	IORWF      TRISE, 1
L_GPIO_SetPinDirection16:
;GPIO.c,45 :: 		break;
0x0228	0x2A41      	GOTO       L_GPIO_SetPinDirection1
;GPIO.c,47 :: 		default:
L_GPIO_SetPinDirection17:
;GPIO.c,48 :: 		break;
0x0229	0x2A41      	GOTO       L_GPIO_SetPinDirection1
;GPIO.c,49 :: 		}
L_GPIO_SetPinDirection0:
0x022A	0x1283      	BCF        STATUS, 5
0x022B	0x1303      	BCF        STATUS, 6
0x022C	0x0828      	MOVF       FARG_GPIO_SetPinDirection_Port, 0
0x022D	0x3A00      	XORLW      0
0x022E	0x1903      	BTFSC      STATUS, 2
0x022F	0x296F      	GOTO       L_GPIO_SetPinDirection2
0x0230	0x0828      	MOVF       FARG_GPIO_SetPinDirection_Port, 0
0x0231	0x3A01      	XORLW      1
0x0232	0x1903      	BTFSC      STATUS, 2
0x0233	0x2995      	GOTO       L_GPIO_SetPinDirection5
0x0234	0x0828      	MOVF       FARG_GPIO_SetPinDirection_Port, 0
0x0235	0x3A02      	XORLW      2
0x0236	0x1903      	BTFSC      STATUS, 2
0x0237	0x29BA      	GOTO       L_GPIO_SetPinDirection8
0x0238	0x0828      	MOVF       FARG_GPIO_SetPinDirection_Port, 0
0x0239	0x3A03      	XORLW      3
0x023A	0x1903      	BTFSC      STATUS, 2
0x023B	0x29DF      	GOTO       L_GPIO_SetPinDirection11
0x023C	0x0828      	MOVF       FARG_GPIO_SetPinDirection_Port, 0
0x023D	0x3A04      	XORLW      4
0x023E	0x1903      	BTFSC      STATUS, 2
0x023F	0x2A04      	GOTO       L_GPIO_SetPinDirection14
0x0240	0x2A29      	GOTO       L_GPIO_SetPinDirection17
L_GPIO_SetPinDirection1:
;GPIO.c,50 :: 		}
L_end_GPIO_SetPinDirection:
0x0241	0x0008      	RETURN
; end of _GPIO_SetPinDirection
_ADC_StartConversion:
;ADC.c,155 :: 		void ADC_StartConversion(void) {
;ADC.c,156 :: 		SET_BIT(ADCON0_REG, GO_DONE);       // Set GO/DONE bit to start conversion
0x0242	0x1283      	BCF        STATUS, 5
0x0243	0x1303      	BCF        STATUS, 6
0x0244	0x151F      	BSF        ADCON0, 2
;ADC.c,157 :: 		}
L_end_ADC_StartConversion:
0x0245	0x0008      	RETURN
; end of _ADC_StartConversion
_SWITCH_Init:
;SWITCH.c,4 :: 		void SWITCH_Init(u8 Port, u8 Pin)
;SWITCH.c,7 :: 		GPIO_SetPinDirection(Port, Pin, GPIO_INPUT);
0x0246	0x1283      	BCF        STATUS, 5
0x0247	0x1303      	BCF        STATUS, 6
0x0248	0x0826      	MOVF       FARG_SWITCH_Init_Port, 0
0x0249	0x00A8      	MOVWF      FARG_GPIO_SetPinDirection_Port
0x024A	0x0827      	MOVF       FARG_SWITCH_Init_Pin, 0
0x024B	0x00A9      	MOVWF      FARG_GPIO_SetPinDirection_Pin
0x024C	0x3001      	MOVLW      1
0x024D	0x00AA      	MOVWF      FARG_GPIO_SetPinDirection_Direction
0x024E	0x216E      	CALL       _GPIO_SetPinDirection
;SWITCH.c,8 :: 		}
L_end_SWITCH_Init:
0x024F	0x0008      	RETURN
; end of _SWITCH_Init
_UART_SendByte:
;UART.c,127 :: 		void UART_SendByte(u8 txData)
;UART.c,131 :: 		while (!GET_BIT(PIR1, PIR1_TXIF))
L_UART_SendByte1:
0x0250	0x1283      	BCF        STATUS, 5
0x0251	0x1303      	BCF        STATUS, 6
0x0252	0x080C      	MOVF       PIR1, 0
0x0253	0x00F1      	MOVWF      R1
0x0254	0x0CF1      	RRF        R1, 1
0x0255	0x13F1      	BCF        R1, 7
0x0256	0x0CF1      	RRF        R1, 1
0x0257	0x13F1      	BCF        R1, 7
0x0258	0x0CF1      	RRF        R1, 1
0x0259	0x13F1      	BCF        R1, 7
0x025A	0x0CF1      	RRF        R1, 1
0x025B	0x13F1      	BCF        R1, 7
0x025C	0x1871      	BTFSC      R1, 0
0x025D	0x2A5F      	GOTO       L_UART_SendByte2
;UART.c,134 :: 		}
0x025E	0x2A50      	GOTO       L_UART_SendByte1
L_UART_SendByte2:
;UART.c,138 :: 		TXREG = txData;
0x025F	0x0826      	MOVF       FARG_UART_SendByte_txData, 0
0x0260	0x0099      	MOVWF      TXREG
;UART.c,139 :: 		}
L_end_UART_SendByte:
0x0261	0x0008      	RETURN
; end of _UART_SendByte
_____DoICP:
;__Lib_System.c,6 :: 		
;__Lib_System.c,9 :: 		
0x0262	0x1283      	BCF        STATUS, 5
0x0263	0x1303      	BCF        STATUS, 6
0x0264	0x0825      	MOVF       ___DoICPAddr+1, 0
0x0265	0x008A      	MOVWF      PCLATH
;__Lib_System.c,10 :: 		
0x0266	0x0824      	MOVF       ___DoICPAddr, 0
0x0267	0x0082      	MOVWF      PCL
;__Lib_System.c,12 :: 		
L_end_____DoICP:
0x0268	0x0008      	RETURN
; end of _____DoICP
_LED_Off:
;LED.c,14 :: 		void LED_Off(u8 Port, u8 Pin)
;LED.c,16 :: 		GPIO_SetPinValue(Port, Pin, GPIO_LOW);
0x0269	0x1283      	BCF        STATUS, 5
0x026A	0x1303      	BCF        STATUS, 6
0x026B	0x0826      	MOVF       FARG_LED_Off_Port, 0
0x026C	0x00A8      	MOVWF      FARG_GPIO_SetPinValue_Port
0x026D	0x0827      	MOVF       FARG_LED_Off_Pin, 0
0x026E	0x00A9      	MOVWF      FARG_GPIO_SetPinValue_Pin
0x026F	0x01AA      	CLRF       FARG_GPIO_SetPinValue_Value
0x0270	0x201E      	CALL       _GPIO_SetPinValue
;LED.c,17 :: 		}
L_end_LED_Off:
0x0271	0x0008      	RETURN
; end of _LED_Off
_ADC_Init:
;ADC.c,47 :: 		void ADC_Init(void) {
;ADC.c,48 :: 		u8 temp_adcon0 = 0;
;ADC.c,49 :: 		u8 temp_adcon1 = 0;
0x0272	0x1283      	BCF        STATUS, 5
0x0273	0x1303      	BCF        STATUS, 6
0x0274	0x01A6      	CLRF       ADC_Init_temp_adcon1_L0
;ADC.c,52 :: 		CLR_BIT(ADCON0_REG, ADON);
0x0275	0x30FE      	MOVLW      254
0x0276	0x059F      	ANDWF      ADCON0, 1
;ADC.c,58 :: 		temp_adcon1 |= (1 << ADFM);     // Set ADFM = 1 for right justified
0x0277	0x3080      	MOVLW      128
0x0278	0x0426      	IORWF      ADC_Init_temp_adcon1_L0, 0
0x0279	0x00F0      	MOVWF      R0
0x027A	0x0870      	MOVF       R0, 0
0x027B	0x00A6      	MOVWF      ADC_Init_temp_adcon1_L0
;ADC.c,64 :: 		temp_adcon1 |= (ADC_PORT_CONFIG & PCFG_MASK);
0x027C	0x300E      	MOVLW      14
0x027D	0x04F0      	IORWF      R0, 1
0x027E	0x0870      	MOVF       R0, 0
0x027F	0x00A6      	MOVWF      ADC_Init_temp_adcon1_L0
;ADC.c,67 :: 		ADCON1_REG = temp_adcon1;
0x0280	0x0870      	MOVF       R0, 0
0x0281	0x1683      	BSF        STATUS, 5
0x0282	0x009F      	MOVWF      ADCON1
;ADC.c,81 :: 		ADCON0_REG = temp_adcon0;
0x0283	0x3080      	MOVLW      128
0x0284	0x1283      	BCF        STATUS, 5
0x0285	0x009F      	MOVWF      ADCON0
;ADC.c,84 :: 		SET_BIT(ADCON0_REG, ADON);          // ADON = 1, turn ADC ON
0x0286	0x141F      	BSF        ADCON0, 0
;ADC.c,87 :: 		Delay_us(20);
0x0287	0x301A      	MOVLW      26
0x0288	0x00FD      	MOVWF      R13
L_ADC_Init0:
0x0289	0x0BFD      	DECFSZ     R13, 1
0x028A	0x2A89      	GOTO       L_ADC_Init0
0x028B	0x0000      	NOP
;ADC.c,88 :: 		}
L_end_ADC_Init:
0x028C	0x0008      	RETURN
; end of _ADC_Init
_LED_On:
;LED.c,9 :: 		void LED_On(u8 Port, u8 Pin)
;LED.c,11 :: 		GPIO_SetPinValue(Port, Pin, GPIO_HIGH);
0x028D	0x1283      	BCF        STATUS, 5
0x028E	0x1303      	BCF        STATUS, 6
0x028F	0x0826      	MOVF       FARG_LED_On_Port, 0
0x0290	0x00A8      	MOVWF      FARG_GPIO_SetPinValue_Port
0x0291	0x0827      	MOVF       FARG_LED_On_Pin, 0
0x0292	0x00A9      	MOVWF      FARG_GPIO_SetPinValue_Pin
0x0293	0x3001      	MOVLW      1
0x0294	0x00AA      	MOVWF      FARG_GPIO_SetPinValue_Value
0x0295	0x201E      	CALL       _GPIO_SetPinValue
;LED.c,12 :: 		}
L_end_LED_On:
0x0296	0x0008      	RETURN
; end of _LED_On
_ADC_ReadChannel:
;ADC.c,246 :: 		u16 ADC_ReadChannel(u8 channel) {
;ADC.c,247 :: 		u16 adc_result = 0;
;ADC.c,250 :: 		ADC_SelectChannel(channel);
0x0297	0x1283      	BCF        STATUS, 5
0x0298	0x1303      	BCF        STATUS, 6
0x0299	0x0826      	MOVF       FARG_ADC_ReadChannel_channel, 0
0x029A	0x00A8      	MOVWF      FARG_ADC_SelectChannel_channel
0x029B	0x20F7      	CALL       _ADC_SelectChannel
;ADC.c,254 :: 		Delay_us(ADC_ACQUISITION_DELAY_US);
0x029C	0x301A      	MOVLW      26
0x029D	0x00FD      	MOVWF      R13
L_ADC_ReadChannel1:
0x029E	0x0BFD      	DECFSZ     R13, 1
0x029F	0x2A9E      	GOTO       L_ADC_ReadChannel1
0x02A0	0x0000      	NOP
;ADC.c,257 :: 		ADC_StartConversion();
0x02A1	0x2242      	CALL       _ADC_StartConversion
;ADC.c,261 :: 		while (!ADC_IsConversionDone()) {
L_ADC_ReadChannel2:
0x02A2	0x20DF      	CALL       _ADC_IsConversionDone
0x02A3	0x0870      	MOVF       R0, 0
0x02A4	0x1D03      	BTFSS      STATUS, 2
0x02A5	0x2AA7      	GOTO       L_ADC_ReadChannel3
;ADC.c,263 :: 		}
0x02A6	0x2AA2      	GOTO       L_ADC_ReadChannel2
L_ADC_ReadChannel3:
;ADC.c,266 :: 		adc_result = ADC_ReadResult();
0x02A7	0x20F0      	CALL       _ADC_ReadResult
;ADC.c,268 :: 		return adc_result;
;ADC.c,269 :: 		}
L_end_ADC_ReadChannel:
0x02A8	0x0008      	RETURN
; end of _ADC_ReadChannel
_SWITCH_GetState:
;SWITCH.c,10 :: 		u8 SWITCH_GetState(u8 Port, u8 Pin)
;SWITCH.c,13 :: 		return GPIO_GetPinValue(Port, Pin);
0x02A9	0x1283      	BCF        STATUS, 5
0x02AA	0x1303      	BCF        STATUS, 6
0x02AB	0x0826      	MOVF       FARG_SWITCH_GetState_Port, 0
0x02AC	0x00A8      	MOVWF      FARG_GPIO_GetPinValue_Port
0x02AD	0x0827      	MOVF       FARG_SWITCH_GetState_Pin, 0
0x02AE	0x00A9      	MOVWF      FARG_GPIO_GetPinValue_Pin
0x02AF	0x210B      	CALL       _GPIO_GetPinValue
;SWITCH.c,14 :: 		}
L_end_SWITCH_GetState:
0x02B0	0x0008      	RETURN
; end of _SWITCH_GetState
_LED_Init:
;LED.c,4 :: 		void LED_Init(u8 Port, u8 Pin)
;LED.c,6 :: 		GPIO_SetPinDirection(Port, Pin, GPIO_OUTPUT);
0x02B1	0x1283      	BCF        STATUS, 5
0x02B2	0x1303      	BCF        STATUS, 6
0x02B3	0x0826      	MOVF       FARG_LED_Init_Port, 0
0x02B4	0x00A8      	MOVWF      FARG_GPIO_SetPinDirection_Port
0x02B5	0x0827      	MOVF       FARG_LED_Init_Pin, 0
0x02B6	0x00A9      	MOVWF      FARG_GPIO_SetPinDirection_Pin
0x02B7	0x01AA      	CLRF       FARG_GPIO_SetPinDirection_Direction
0x02B8	0x216E      	CALL       _GPIO_SetPinDirection
;LED.c,7 :: 		}
L_end_LED_Init:
0x02B9	0x0008      	RETURN
; end of _LED_Init
_UART_Init:
;UART.c,32 :: 		void UART_Init(void)
;UART.c,35 :: 		CLR_BIT(TRISC, TRISC_TX);           // RC6/TX output
0x02BA	0x30BF      	MOVLW      191
0x02BB	0x1683      	BSF        STATUS, 5
0x02BC	0x1303      	BCF        STATUS, 6
0x02BD	0x0587      	ANDWF      TRISC, 1
;UART.c,36 :: 		SET_BIT(TRISC, TRISC_RX);           // RC7/RX input
0x02BE	0x1787      	BSF        TRISC, 7
;UART.c,39 :: 		CLR_BIT(RCSTA, RCSTA_SPEN);
0x02BF	0x307F      	MOVLW      127
0x02C0	0x1283      	BCF        STATUS, 5
0x02C1	0x0598      	ANDWF      RCSTA, 1
;UART.c,44 :: 		SPBRG = (u8)UART_SPBRG_VALUE;
0x02C2	0x3067      	MOVLW      103
0x02C3	0x1683      	BSF        STATUS, 5
0x02C4	0x0099      	MOVWF      SPBRG
;UART.c,48 :: 		TXSTA = 0x00;
0x02C5	0x0198      	CLRF       TXSTA
;UART.c,52 :: 		CLR_BIT(TXSTA, TXSTA_SYNC);     // Asynchronous mode
0x02C6	0x30EF      	MOVLW      239
0x02C7	0x0598      	ANDWF      TXSTA, 1
;UART.c,60 :: 		SET_BIT(TXSTA, TXSTA_BRGH);     // High speed mode
0x02C8	0x1518      	BSF        TXSTA, 2
;UART.c,69 :: 		CLR_BIT(TXSTA, TXSTA_TX9);      // 8-bit transmission
0x02C9	0x30BF      	MOVLW      191
0x02CA	0x0598      	ANDWF      TXSTA, 1
;UART.c,74 :: 		SET_BIT(TXSTA, TXSTA_TXEN);     // Enable transmitter
0x02CB	0x1698      	BSF        TXSTA, 5
;UART.c,81 :: 		RCSTA = 0x00;
0x02CC	0x1283      	BCF        STATUS, 5
0x02CD	0x0198      	CLRF       RCSTA
;UART.c,87 :: 		CLR_BIT(RCSTA, RCSTA_RX9);      // 8-bit reception
0x02CE	0x30BF      	MOVLW      191
0x02CF	0x0598      	ANDWF      RCSTA, 1
;UART.c,93 :: 		SET_BIT(RCSTA, RCSTA_CREN); // Enable continuous receive
0x02D0	0x1618      	BSF        RCSTA, 4
;UART.c,100 :: 		SET_BIT(RCSTA, RCSTA_SPEN);         // Serial port enabled
0x02D1	0x1798      	BSF        RCSTA, 7
;UART.c,103 :: 		UART_ClearErrors();
0x02D2	0x2003      	CALL       _UART_ClearErrors
;UART.c,111 :: 		Delay_ms(10);
0x02D3	0x3034      	MOVLW      52
0x02D4	0x00FC      	MOVWF      R12
0x02D5	0x30F1      	MOVLW      241
0x02D6	0x00FD      	MOVWF      R13
L_UART_Init0:
0x02D7	0x0BFD      	DECFSZ     R13, 1
0x02D8	0x2AD7      	GOTO       L_UART_Init0
0x02D9	0x0BFC      	DECFSZ     R12, 1
0x02DA	0x2AD7      	GOTO       L_UART_Init0
0x02DB	0x0000      	NOP
0x02DC	0x0000      	NOP
;UART.c,112 :: 		}
L_end_UART_Init:
0x02DD	0x0008      	RETURN
; end of _UART_Init
main_Read_Inputs:
;main.c,155 :: 		static void Read_Inputs(void)
;main.c,157 :: 		rb1_state = SWITCH_GetState(PIR_INPUT_PORT, PIR_INPUT_PIN);
0x02DE	0x3001      	MOVLW      1
0x02DF	0x1283      	BCF        STATUS, 5
0x02E0	0x1303      	BCF        STATUS, 6
0x02E1	0x00A6      	MOVWF      FARG_SWITCH_GetState_Port
0x02E2	0x3001      	MOVLW      1
0x02E3	0x00A7      	MOVWF      FARG_SWITCH_GetState_Pin
0x02E4	0x22A9      	CALL       _SWITCH_GetState
0x02E5	0x0870      	MOVF       R0, 0
0x02E6	0x00A0      	MOVWF      main_rb1_state
;main.c,158 :: 		rb2_state = SWITCH_GetState(LOCK_INPUT_PORT, LOCK_INPUT_PIN);
0x02E7	0x3001      	MOVLW      1
0x02E8	0x00A6      	MOVWF      FARG_SWITCH_GetState_Port
0x02E9	0x3002      	MOVLW      2
0x02EA	0x00A7      	MOVWF      FARG_SWITCH_GetState_Pin
0x02EB	0x22A9      	CALL       _SWITCH_GetState
0x02EC	0x0870      	MOVF       R0, 0
0x02ED	0x00A1      	MOVWF      main_rb2_state
;main.c,159 :: 		rd4_state = SWITCH_GetState(EXTRA_INPUT_PORT, EXTRA_INPUT_PIN);
0x02EE	0x3003      	MOVLW      3
0x02EF	0x00A6      	MOVWF      FARG_SWITCH_GetState_Port
0x02F0	0x3004      	MOVLW      4
0x02F1	0x00A7      	MOVWF      FARG_SWITCH_GetState_Pin
0x02F2	0x22A9      	CALL       _SWITCH_GetState
0x02F3	0x0870      	MOVF       R0, 0
0x02F4	0x00A2      	MOVWF      main_rd4_state
;main.c,161 :: 		adc_value = ADC_ReadChannel(VOLTAGE_ADC_CHANNEL);
0x02F5	0x01A6      	CLRF       FARG_ADC_ReadChannel_channel
0x02F6	0x2297      	CALL       _ADC_ReadChannel
0x02F7	0x0870      	MOVF       R0, 0
0x02F8	0x1283      	BCF        STATUS, 5
0x02F9	0x00A3      	MOVWF      main_adc_value
;main.c,162 :: 		}
L_end_Read_Inputs:
0x02FA	0x0008      	RETURN
; end of main_Read_Inputs
main_Send_ADC_UART:
;main.c,246 :: 		static void Send_ADC_UART(void)
;main.c,254 :: 		UART_SendByte((u8)(adc_value >> 8));
0x02FB	0x1283      	BCF        STATUS, 5
0x02FC	0x1303      	BCF        STATUS, 6
0x02FD	0x01A6      	CLRF       FARG_UART_SendByte_txData
0x02FE	0x2250      	CALL       _UART_SendByte
;main.c,255 :: 		UART_SendByte((u8)(adc_value & 0xFF));
0x02FF	0x30FF      	MOVLW      255
0x0300	0x0523      	ANDWF      main_adc_value, 0
0x0301	0x00A6      	MOVWF      FARG_UART_SendByte_txData
0x0302	0x2250      	CALL       _UART_SendByte
;main.c,256 :: 		}
L_end_Send_ADC_UART:
0x0303	0x0008      	RETURN
; end of main_Send_ADC_UART
main_Apply_Output_Logic:
;main.c,166 :: 		static void Apply_Output_Logic(void)
;main.c,187 :: 		if(rb1_state == GPIO_HIGH)
0x0304	0x1283      	BCF        STATUS, 5
0x0305	0x1303      	BCF        STATUS, 6
0x0306	0x0820      	MOVF       main_rb1_state, 0
0x0307	0x3A01      	XORLW      1
0x0308	0x1D03      	BTFSS      STATUS, 2
0x0309	0x2B1D      	GOTO       L_main_Apply_Output_Logic3
;main.c,189 :: 		LED_On(PIR_LED_PORT, PIR_LED_PIN);                         /* RD3 */
0x030A	0x3003      	MOVLW      3
0x030B	0x00A6      	MOVWF      FARG_LED_On_Port
0x030C	0x3003      	MOVLW      3
0x030D	0x00A7      	MOVWF      FARG_LED_On_Pin
0x030E	0x228D      	CALL       _LED_On
;main.c,191 :: 		GPIO_SetPinValue(LOCK_OUTPUT_PORT,
0x030F	0x3003      	MOVLW      3
0x0310	0x00A8      	MOVWF      FARG_GPIO_SetPinValue_Port
;main.c,192 :: 		LOCK_OUTPUT_PIN,
0x0311	0x01A9      	CLRF       FARG_GPIO_SetPinValue_Pin
;main.c,193 :: 		GPIO_HIGH);                               /* RD0 */
0x0312	0x3001      	MOVLW      1
0x0313	0x00AA      	MOVWF      FARG_GPIO_SetPinValue_Value
0x0314	0x201E      	CALL       _GPIO_SetPinValue
;main.c,195 :: 		GPIO_SetPinValue(ALARM_OUTPUT_PORT,
0x0315	0x3003      	MOVLW      3
0x0316	0x00A8      	MOVWF      FARG_GPIO_SetPinValue_Port
;main.c,196 :: 		ALARM_OUTPUT_PIN,
0x0317	0x3001      	MOVLW      1
0x0318	0x00A9      	MOVWF      FARG_GPIO_SetPinValue_Pin
;main.c,197 :: 		GPIO_HIGH);                               /* RD1 */
0x0319	0x3001      	MOVLW      1
0x031A	0x00AA      	MOVWF      FARG_GPIO_SetPinValue_Value
0x031B	0x201E      	CALL       _GPIO_SetPinValue
;main.c,198 :: 		}
0x031C	0x2B48      	GOTO       L_main_Apply_Output_Logic4
L_main_Apply_Output_Logic3:
;main.c,199 :: 		else if((rb2_state == GPIO_HIGH) || (rd4_state == GPIO_HIGH))
0x031D	0x0821      	MOVF       main_rb2_state, 0
0x031E	0x3A01      	XORLW      1
0x031F	0x1903      	BTFSC      STATUS, 2
0x0320	0x2B26      	GOTO       L_main_Apply_Output_Logic11
0x0321	0x0822      	MOVF       main_rd4_state, 0
0x0322	0x3A01      	XORLW      1
0x0323	0x1903      	BTFSC      STATUS, 2
0x0324	0x2B26      	GOTO       L_main_Apply_Output_Logic11
0x0325	0x2B38      	GOTO       L_main_Apply_Output_Logic7
L_main_Apply_Output_Logic11:
;main.c,201 :: 		LED_Off(PIR_LED_PORT, PIR_LED_PIN);                        /* RD3 */
0x0326	0x3003      	MOVLW      3
0x0327	0x00A6      	MOVWF      FARG_LED_Off_Port
0x0328	0x3003      	MOVLW      3
0x0329	0x00A7      	MOVWF      FARG_LED_Off_Pin
0x032A	0x2269      	CALL       _LED_Off
;main.c,203 :: 		GPIO_SetPinValue(LOCK_OUTPUT_PORT,
0x032B	0x3003      	MOVLW      3
0x032C	0x00A8      	MOVWF      FARG_GPIO_SetPinValue_Port
;main.c,204 :: 		LOCK_OUTPUT_PIN,
0x032D	0x01A9      	CLRF       FARG_GPIO_SetPinValue_Pin
;main.c,205 :: 		GPIO_HIGH);                               /* RD0 */
0x032E	0x3001      	MOVLW      1
0x032F	0x00AA      	MOVWF      FARG_GPIO_SetPinValue_Value
0x0330	0x201E      	CALL       _GPIO_SetPinValue
;main.c,207 :: 		GPIO_SetPinValue(ALARM_OUTPUT_PORT,
0x0331	0x3003      	MOVLW      3
0x0332	0x00A8      	MOVWF      FARG_GPIO_SetPinValue_Port
;main.c,208 :: 		ALARM_OUTPUT_PIN,
0x0333	0x3001      	MOVLW      1
0x0334	0x00A9      	MOVWF      FARG_GPIO_SetPinValue_Pin
;main.c,209 :: 		GPIO_LOW);                                /* RD1 */
0x0335	0x01AA      	CLRF       FARG_GPIO_SetPinValue_Value
0x0336	0x201E      	CALL       _GPIO_SetPinValue
;main.c,210 :: 		}
0x0337	0x2B48      	GOTO       L_main_Apply_Output_Logic8
L_main_Apply_Output_Logic7:
;main.c,213 :: 		LED_Off(PIR_LED_PORT, PIR_LED_PIN);                        /* RD3 */
0x0338	0x3003      	MOVLW      3
0x0339	0x00A6      	MOVWF      FARG_LED_Off_Port
0x033A	0x3003      	MOVLW      3
0x033B	0x00A7      	MOVWF      FARG_LED_Off_Pin
0x033C	0x2269      	CALL       _LED_Off
;main.c,215 :: 		GPIO_SetPinValue(LOCK_OUTPUT_PORT,
0x033D	0x3003      	MOVLW      3
0x033E	0x00A8      	MOVWF      FARG_GPIO_SetPinValue_Port
;main.c,216 :: 		LOCK_OUTPUT_PIN,
0x033F	0x01A9      	CLRF       FARG_GPIO_SetPinValue_Pin
;main.c,217 :: 		GPIO_LOW);                                /* RD0 */
0x0340	0x01AA      	CLRF       FARG_GPIO_SetPinValue_Value
0x0341	0x201E      	CALL       _GPIO_SetPinValue
;main.c,219 :: 		GPIO_SetPinValue(ALARM_OUTPUT_PORT,
0x0342	0x3003      	MOVLW      3
0x0343	0x00A8      	MOVWF      FARG_GPIO_SetPinValue_Port
;main.c,220 :: 		ALARM_OUTPUT_PIN,
0x0344	0x3001      	MOVLW      1
0x0345	0x00A9      	MOVWF      FARG_GPIO_SetPinValue_Pin
;main.c,221 :: 		GPIO_LOW);                                /* RD1 */
0x0346	0x01AA      	CLRF       FARG_GPIO_SetPinValue_Value
0x0347	0x201E      	CALL       _GPIO_SetPinValue
;main.c,222 :: 		}
L_main_Apply_Output_Logic8:
L_main_Apply_Output_Logic4:
;main.c,230 :: 		if(adc_value < VOLTAGE_1V_THRESHOLD_ADC)
0x0348	0x30CD      	MOVLW      205
0x0349	0x0223      	SUBWF      main_adc_value, 0
0x034A	0x1803      	BTFSC      STATUS, 0
0x034B	0x2B54      	GOTO       L_main_Apply_Output_Logic9
;main.c,232 :: 		GPIO_SetPinValue(VOLTAGE_OUTPUT_PORT,
0x034C	0x3003      	MOVLW      3
0x034D	0x00A8      	MOVWF      FARG_GPIO_SetPinValue_Port
;main.c,233 :: 		VOLTAGE_OUTPUT_PIN,
0x034E	0x3002      	MOVLW      2
0x034F	0x00A9      	MOVWF      FARG_GPIO_SetPinValue_Pin
;main.c,234 :: 		GPIO_HIGH);                               /* RD2 */
0x0350	0x3001      	MOVLW      1
0x0351	0x00AA      	MOVWF      FARG_GPIO_SetPinValue_Value
0x0352	0x201E      	CALL       _GPIO_SetPinValue
;main.c,235 :: 		}
0x0353	0x2B5A      	GOTO       L_main_Apply_Output_Logic10
L_main_Apply_Output_Logic9:
;main.c,238 :: 		GPIO_SetPinValue(VOLTAGE_OUTPUT_PORT,
0x0354	0x3003      	MOVLW      3
0x0355	0x00A8      	MOVWF      FARG_GPIO_SetPinValue_Port
;main.c,239 :: 		VOLTAGE_OUTPUT_PIN,
0x0356	0x3002      	MOVLW      2
0x0357	0x00A9      	MOVWF      FARG_GPIO_SetPinValue_Pin
;main.c,240 :: 		GPIO_LOW);                                /* RD2 */
0x0358	0x01AA      	CLRF       FARG_GPIO_SetPinValue_Value
0x0359	0x201E      	CALL       _GPIO_SetPinValue
;main.c,241 :: 		}
L_main_Apply_Output_Logic10:
;main.c,242 :: 		}
L_end_Apply_Output_Logic:
0x035A	0x0008      	RETURN
; end of main_Apply_Output_Logic
___CC2DW:
;__Lib_System.c,134 :: 		
;__Lib_System.c,137 :: 		
_CC2D_Loop1:
;__Lib_System.c,139 :: 		
0x035B	0x2262      	CALL       _____DoICP
0x035C	0x118A      	BCF        PCLATH, 3
0x035D	0x120A      	BCF        PCLATH, 4
;__Lib_System.c,141 :: 		
0x035E	0x0080      	MOVWF      INDF
;__Lib_System.c,142 :: 		
0x035F	0x0A84      	INCF       FSR, 1
;__Lib_System.c,143 :: 		
0x0360	0x0AA4      	INCF       ___DoICPAddr, 1
;__Lib_System.c,145 :: 		
0x0361	0x1903      	BTFSC      STATUS, 2
;__Lib_System.c,146 :: 		
0x0362	0x0AA5      	INCF       ___DoICPAddr+1, 1
;__Lib_System.c,147 :: 		
0x0363	0x03F0      	DECF       R0, 1
;__Lib_System.c,149 :: 		
0x0364	0x1D03      	BTFSS      STATUS, 2
;__Lib_System.c,150 :: 		
0x0365	0x2B5B      	GOTO       _CC2D_Loop1
;__Lib_System.c,152 :: 		
L_end___CC2DW:
0x0366	0x0008      	RETURN
; end of ___CC2DW
main_System_Init:
;main.c,93 :: 		static void System_Init(void)
;main.c,97 :: 		SWITCH_Init(PIR_INPUT_PORT, PIR_INPUT_PIN);       /* RB1 input */
0x0367	0x3001      	MOVLW      1
0x0368	0x1283      	BCF        STATUS, 5
0x0369	0x1303      	BCF        STATUS, 6
0x036A	0x00A6      	MOVWF      FARG_SWITCH_Init_Port
0x036B	0x3001      	MOVLW      1
0x036C	0x00A7      	MOVWF      FARG_SWITCH_Init_Pin
0x036D	0x2246      	CALL       _SWITCH_Init
;main.c,98 :: 		SWITCH_Init(LOCK_INPUT_PORT, LOCK_INPUT_PIN);     /* RB2 input */
0x036E	0x3001      	MOVLW      1
0x036F	0x1283      	BCF        STATUS, 5
0x0370	0x1303      	BCF        STATUS, 6
0x0371	0x00A6      	MOVWF      FARG_SWITCH_Init_Port
0x0372	0x3002      	MOVLW      2
0x0373	0x00A7      	MOVWF      FARG_SWITCH_Init_Pin
0x0374	0x2246      	CALL       _SWITCH_Init
;main.c,99 :: 		SWITCH_Init(EXTRA_INPUT_PORT, EXTRA_INPUT_PIN);   /* RD4 input */
0x0375	0x3003      	MOVLW      3
0x0376	0x1283      	BCF        STATUS, 5
0x0377	0x1303      	BCF        STATUS, 6
0x0378	0x00A6      	MOVWF      FARG_SWITCH_Init_Port
0x0379	0x3004      	MOVLW      4
0x037A	0x00A7      	MOVWF      FARG_SWITCH_Init_Pin
0x037B	0x2246      	CALL       _SWITCH_Init
;main.c,101 :: 		GPIO_SetPinDirection(VOLTAGE_INPUT_PORT,
0x037C	0x1283      	BCF        STATUS, 5
0x037D	0x1303      	BCF        STATUS, 6
0x037E	0x01A8      	CLRF       FARG_GPIO_SetPinDirection_Port
;main.c,102 :: 		VOLTAGE_INPUT_PIN,
0x037F	0x01A9      	CLRF       FARG_GPIO_SetPinDirection_Pin
;main.c,103 :: 		GPIO_INPUT);                 /* RA0 / AN0 input */
0x0380	0x3001      	MOVLW      1
0x0381	0x00AA      	MOVWF      FARG_GPIO_SetPinDirection_Direction
0x0382	0x216E      	CALL       _GPIO_SetPinDirection
;main.c,107 :: 		GPIO_SetPinDirection(LOCK_OUTPUT_PORT,
0x0383	0x3003      	MOVLW      3
0x0384	0x1283      	BCF        STATUS, 5
0x0385	0x1303      	BCF        STATUS, 6
0x0386	0x00A8      	MOVWF      FARG_GPIO_SetPinDirection_Port
;main.c,108 :: 		LOCK_OUTPUT_PIN,
0x0387	0x01A9      	CLRF       FARG_GPIO_SetPinDirection_Pin
;main.c,109 :: 		GPIO_OUTPUT);                /* RD0 output */
0x0388	0x01AA      	CLRF       FARG_GPIO_SetPinDirection_Direction
0x0389	0x216E      	CALL       _GPIO_SetPinDirection
;main.c,111 :: 		GPIO_SetPinDirection(ALARM_OUTPUT_PORT,
0x038A	0x3003      	MOVLW      3
0x038B	0x1283      	BCF        STATUS, 5
0x038C	0x1303      	BCF        STATUS, 6
0x038D	0x00A8      	MOVWF      FARG_GPIO_SetPinDirection_Port
;main.c,112 :: 		ALARM_OUTPUT_PIN,
0x038E	0x3001      	MOVLW      1
0x038F	0x00A9      	MOVWF      FARG_GPIO_SetPinDirection_Pin
;main.c,113 :: 		GPIO_OUTPUT);                /* RD1 output */
0x0390	0x01AA      	CLRF       FARG_GPIO_SetPinDirection_Direction
0x0391	0x216E      	CALL       _GPIO_SetPinDirection
;main.c,115 :: 		GPIO_SetPinDirection(VOLTAGE_OUTPUT_PORT,
0x0392	0x3003      	MOVLW      3
0x0393	0x1283      	BCF        STATUS, 5
0x0394	0x1303      	BCF        STATUS, 6
0x0395	0x00A8      	MOVWF      FARG_GPIO_SetPinDirection_Port
;main.c,116 :: 		VOLTAGE_OUTPUT_PIN,
0x0396	0x3002      	MOVLW      2
0x0397	0x00A9      	MOVWF      FARG_GPIO_SetPinDirection_Pin
;main.c,117 :: 		GPIO_OUTPUT);                /* RD2 output */
0x0398	0x01AA      	CLRF       FARG_GPIO_SetPinDirection_Direction
0x0399	0x216E      	CALL       _GPIO_SetPinDirection
;main.c,119 :: 		LED_Init(PIR_LED_PORT, PIR_LED_PIN);              /* RD3 LED only */
0x039A	0x3003      	MOVLW      3
0x039B	0x1283      	BCF        STATUS, 5
0x039C	0x1303      	BCF        STATUS, 6
0x039D	0x00A6      	MOVWF      FARG_LED_Init_Port
0x039E	0x3003      	MOVLW      3
0x039F	0x00A7      	MOVWF      FARG_LED_Init_Pin
0x03A0	0x22B1      	CALL       _LED_Init
;main.c,123 :: 		GPIO_SetPinDirection(UART_TX_PORT,
0x03A1	0x3002      	MOVLW      2
0x03A2	0x1283      	BCF        STATUS, 5
0x03A3	0x1303      	BCF        STATUS, 6
0x03A4	0x00A8      	MOVWF      FARG_GPIO_SetPinDirection_Port
;main.c,124 :: 		UART_TX_PIN,
0x03A5	0x3006      	MOVLW      6
0x03A6	0x00A9      	MOVWF      FARG_GPIO_SetPinDirection_Pin
;main.c,125 :: 		GPIO_OUTPUT);                /* RC6 / TX */
0x03A7	0x01AA      	CLRF       FARG_GPIO_SetPinDirection_Direction
0x03A8	0x216E      	CALL       _GPIO_SetPinDirection
;main.c,127 :: 		GPIO_SetPinDirection(UART_RX_PORT,
0x03A9	0x3002      	MOVLW      2
0x03AA	0x1283      	BCF        STATUS, 5
0x03AB	0x1303      	BCF        STATUS, 6
0x03AC	0x00A8      	MOVWF      FARG_GPIO_SetPinDirection_Port
;main.c,128 :: 		UART_RX_PIN,
0x03AD	0x3007      	MOVLW      7
0x03AE	0x00A9      	MOVWF      FARG_GPIO_SetPinDirection_Pin
;main.c,129 :: 		GPIO_INPUT);                 /* RC7 / RX */
0x03AF	0x3001      	MOVLW      1
0x03B0	0x00AA      	MOVWF      FARG_GPIO_SetPinDirection_Direction
0x03B1	0x216E      	CALL       _GPIO_SetPinDirection
;main.c,133 :: 		GPIO_SetPinValue(LOCK_OUTPUT_PORT,
0x03B2	0x3003      	MOVLW      3
0x03B3	0x1283      	BCF        STATUS, 5
0x03B4	0x1303      	BCF        STATUS, 6
0x03B5	0x00A8      	MOVWF      FARG_GPIO_SetPinValue_Port
;main.c,134 :: 		LOCK_OUTPUT_PIN,
0x03B6	0x01A9      	CLRF       FARG_GPIO_SetPinValue_Pin
;main.c,135 :: 		GPIO_LOW);                       /* RD0 LOW */
0x03B7	0x01AA      	CLRF       FARG_GPIO_SetPinValue_Value
0x03B8	0x201E      	CALL       _GPIO_SetPinValue
;main.c,137 :: 		GPIO_SetPinValue(ALARM_OUTPUT_PORT,
0x03B9	0x3003      	MOVLW      3
0x03BA	0x00A8      	MOVWF      FARG_GPIO_SetPinValue_Port
;main.c,138 :: 		ALARM_OUTPUT_PIN,
0x03BB	0x3001      	MOVLW      1
0x03BC	0x00A9      	MOVWF      FARG_GPIO_SetPinValue_Pin
;main.c,139 :: 		GPIO_LOW);                       /* RD1 LOW */
0x03BD	0x01AA      	CLRF       FARG_GPIO_SetPinValue_Value
0x03BE	0x201E      	CALL       _GPIO_SetPinValue
;main.c,141 :: 		GPIO_SetPinValue(VOLTAGE_OUTPUT_PORT,
0x03BF	0x3003      	MOVLW      3
0x03C0	0x00A8      	MOVWF      FARG_GPIO_SetPinValue_Port
;main.c,142 :: 		VOLTAGE_OUTPUT_PIN,
0x03C1	0x3002      	MOVLW      2
0x03C2	0x00A9      	MOVWF      FARG_GPIO_SetPinValue_Pin
;main.c,143 :: 		GPIO_LOW);                       /* RD2 LOW */
0x03C3	0x01AA      	CLRF       FARG_GPIO_SetPinValue_Value
0x03C4	0x201E      	CALL       _GPIO_SetPinValue
;main.c,145 :: 		LED_Off(PIR_LED_PORT, PIR_LED_PIN);               /* RD3 LOW */
0x03C5	0x3003      	MOVLW      3
0x03C6	0x00A6      	MOVWF      FARG_LED_Off_Port
0x03C7	0x3003      	MOVLW      3
0x03C8	0x00A7      	MOVWF      FARG_LED_Off_Pin
0x03C9	0x2269      	CALL       _LED_Off
;main.c,149 :: 		ADC_Init();
0x03CA	0x2272      	CALL       _ADC_Init
;main.c,150 :: 		UART_Init();
0x03CB	0x22BA      	CALL       _UART_Init
;main.c,151 :: 		}
L_end_System_Init:
0x03CC	0x0008      	RETURN
; end of main_System_Init
_main:
0x03CD	0x1283      	BCF        STATUS, 5
0x03CE	0x1303      	BCF        STATUS, 6
0x03CF	0x01A0      	CLRF       main_rb1_state
0x03D0	0x01A1      	CLRF       main_rb2_state
0x03D1	0x01A2      	CLRF       main_rd4_state
0x03D2	0x01A3      	CLRF       main_adc_value
;main.c,77 :: 		void main(void)
;main.c,79 :: 		System_Init();
0x03D3	0x2367      	CALL       main_System_Init
;main.c,81 :: 		while(1)
L_main0:
;main.c,83 :: 		Read_Inputs();
0x03D4	0x22DE      	CALL       main_Read_Inputs
;main.c,84 :: 		Apply_Output_Logic();
0x03D5	0x2304      	CALL       main_Apply_Output_Logic
;main.c,85 :: 		Send_ADC_UART();
0x03D6	0x22FB      	CALL       main_Send_ADC_UART
;main.c,87 :: 		Delay_ms(500);
0x03D7	0x300B      	MOVLW      11
0x03D8	0x00FB      	MOVWF      R11
0x03D9	0x3026      	MOVLW      38
0x03DA	0x00FC      	MOVWF      R12
0x03DB	0x305D      	MOVLW      93
0x03DC	0x00FD      	MOVWF      R13
L_main2:
0x03DD	0x0BFD      	DECFSZ     R13, 1
0x03DE	0x2BDD      	GOTO       L_main2
0x03DF	0x0BFC      	DECFSZ     R12, 1
0x03E0	0x2BDD      	GOTO       L_main2
0x03E1	0x0BFB      	DECFSZ     R11, 1
0x03E2	0x2BDD      	GOTO       L_main2
0x03E3	0x0000      	NOP
0x03E4	0x0000      	NOP
;main.c,88 :: 		}
0x03E5	0x2BD4      	GOTO       L_main0
;main.c,89 :: 		}
L_end_main:
0x03E6	0x2BE6      	GOTO       $+0
; end of _main
Symbol List:
//** Routines locations **
//ADDRESS    SIZE    PROCEDURE
//----------------------------------------------
0x0003      [27]    _UART_ClearErrors
0x001E     [193]    _GPIO_SetPinValue
0x00DF      [17]    _ADC_IsConversionDone
0x00F0       [7]    _ADC_ReadResult
0x00F7      [20]    _ADC_SelectChannel
0x010B      [99]    _GPIO_GetPinValue
0x016E     [212]    _GPIO_SetPinDirection
0x0242       [4]    _ADC_StartConversion
0x0246      [10]    _SWITCH_Init
0x0250      [18]    _UART_SendByte
0x0262       [7]    _____DoICP
0x0269       [9]    _LED_Off
0x0272      [27]    _ADC_Init
0x028D      [10]    _LED_On
0x0297      [18]    _ADC_ReadChannel
0x02A9       [8]    _SWITCH_GetState
0x02B1       [9]    _LED_Init
0x02BA      [36]    _UART_Init
0x02DE      [29]    main_Read_Inputs
0x02FB       [9]    main_Send_ADC_UART
0x0304      [87]    main_Apply_Output_Logic
0x035B      [12]    ___CC2DW
0x0367     [102]    main_System_Init
0x03CD      [26]    _main
//** Variables locations ** 
//ADDRESS    SIZE    VARIABLE
//----------------------------------------------
0x0000       [1]    INDF
0x0002       [1]    PCL
0x0003       [1]    STATUS
0x0004       [1]    FSR
0x000A       [1]    PCLATH
0x0020       [1]    main_rb1_state
0x0021       [1]    main_rb2_state
0x0022       [1]    main_rd4_state
0x0023       [1]    main_adc_value
0x0024       [2]    ___DoICPAddr
0x0026       [1]    FARG_SWITCH_Init_Port
0x0026       [1]    FARG_SWITCH_GetState_Port
0x0026       [1]    FARG_LED_On_Port
0x0026       [1]    FARG_LED_Init_Port
0x0026       [1]    FARG_LED_Off_Port
0x0026       [1]    FARG_UART_SendByte_txData
0x0026       [1]    ADC_Init_temp_adcon1_L0
0x0026       [1]    FARG_ADC_ReadChannel_channel
0x0027       [1]    FARG_LED_On_Pin
0x0027       [1]    FARG_LED_Init_Pin
0x0027       [1]    FARG_LED_Off_Pin
0x0027       [1]    FARG_SWITCH_GetState_Pin
0x0027       [1]    FARG_SWITCH_Init_Pin
0x0028       [1]    FARG_ADC_SelectChannel_channel
0x0028       [1]    FARG_GPIO_SetPinDirection_Port
0x0028       [1]    FARG_GPIO_SetPinValue_Port
0x0028       [1]    UART_ClearErrors_errorCode_L0
0x0028       [1]    FARG_GPIO_GetPinValue_Port
0x0029       [1]    FARG_GPIO_SetPinDirection_Pin
0x0029       [1]    FARG_GPIO_SetPinValue_Pin
0x0029       [1]    FARG_GPIO_GetPinValue_Pin
0x002A       [1]    GPIO_GetPinValue_Local_Value_L0
0x002A       [1]    FARG_GPIO_SetPinDirection_Direction
0x002A       [1]    FARG_GPIO_SetPinValue_Value
0x0070       [1]    R0
0x0071       [1]    R1
0x0072       [1]    R2
0x0073       [1]    R3
0x0074       [1]    R4
0x0075       [1]    R5
0x0076       [1]    R6
0x0077       [1]    R7
0x0078       [1]    R8
0x0079       [1]    R9
0x007A       [1]    R10
0x007B       [1]    R11
0x007C       [1]    R12
0x007D       [1]    R13
0x007E       [1]    R14
0x007F       [1]    R15
